<?xml version="1.0" encoding="UTF-8"?>
<testsuite xmlns:xsi="http://www.w3.org/2001/XMLSchema-instance" xsi:noNamespaceSchemaLocation="https://maven.apache.org/surefire/maven-surefire-plugin/xsd/surefire-test-report.xsd" name="com.example.LionParamTest" time="0.025" tests="2" errors="0" skipped="0" failures="0">
  <properties>
[...]
</properties>
  <testcase name="lionManeParamTest[0]" classname="com.example.LionParamTest" time="0.008"/>
  <testcase name="lionManeParamTest[1]" classname="com.example.LionParamTest" time="0.001"/>
</testsuite>